<?xml version="1.0" encoding="UTF-8"?>
<!-- Generated by org.testng.reporters.JUnitXMLReporter -->
<testsuite ignored="0" hostname="DESKTOP-KB78P7G" failures="0" tests="7" name="Default test" time="161.007" errors="0" timestamp="2023-12-30T10:48:46 IST">
  <testcase classname="TestLeaf.prasanna.testleafPlayground.AuthTest" name="calender" time="5.711"/>
  <testcase classname="TestLeaf.prasanna.testleafPlayground.AuthTest" name="gridt2" time="4.629"/>
  <testcase classname="TestLeaf.prasanna.testleafPlayground.AuthTest" name="authtest" time="13.784"/>
  <testcase classname="TestLeaf.prasanna.testleafPlayground.AuthTest" name="iframestest" time="21.989"/>
  <testcase classname="TestLeaf.prasanna.testleafPlayground.AuthTest" name="tables" time="3.386"/>
  <testcase classname="TestLeaf.prasanna.testleafPlayground.AuthTest" name="windows" time="11.507"/>
  <testcase classname="TestLeaf.prasanna.testleafPlayground.AuthTest" name="gridt" time="20.945"/>
</testsuite> <!-- Default test -->
