<?xml version="1.0" encoding="UTF-8"?>
<!-- Generated by org.testng.reporters.JUnitXMLReporter -->
<testsuite ignored="0" hostname="DESKTOP-KB78P7G" failures="0" tests="4" name="MainTest" time="64.005" errors="0" timestamp="2023-12-27T18:06:23 IST">
  <testcase classname="TestLeaf.prasanna.testleafPlayground.AuthTest" name="authtest" time="4.722"/>
  <testcase classname="TestLeaf.prasanna.testleafPlayground.AuthTest" name="iframestest" time="22.238"/>
  <testcase classname="TestLeaf.prasanna.testleafPlayground.AuthTest" name="tables" time="1.091"/>
  <testcase classname="TestLeaf.prasanna.testleafPlayground.AuthTest" name="windows" time="8.353"/>
</testsuite> <!-- MainTest -->
